<?xml version="1.0" encoding="UTF-8"?>
<!-- Generated by org.testng.reporters.JUnitReportReporter -->
<testsuite hostname="DESKTOP-RP7ECBF" failures="0" tests="2" name="RestAssuredScript.Script002GetMethod" time="2.328" errors="0" timestamp="2023-12-15T11:42:10 IST" skipped="1">
  <testcase classname="RestAssuredScript.Script002GetMethod" name="GetMethodBDDStyle" time="2.328"/>
  <system-out/>
  <testcase classname="RestAssuredScript.Script002GetMethod" name="httpGetMethod">
    <skipped/>
  </testcase> <!-- httpGetMethod -->
  <system-out/>
</testsuite> <!-- RestAssuredScript.Script002GetMethod -->
