<?xml version="1.0" encoding="UTF-8"?>
<!-- Generated by org.testng.reporters.JUnitReportReporter -->
<testsuite hostname="DESKTOP-RP7ECBF" failures="0" tests="1" name="endProject.LoggingRequest004" time="1.947" errors="0" timestamp="2023-12-18T19:59:46 IST" skipped="0">
  <testcase classname="endProject.LoggingRequest004" name="Logging_Request" time="1.947"/>
  <system-out/>
</testsuite> <!-- endProject.LoggingRequest004 -->
