<?xml version="1.0" encoding="UTF-8"?>
<!-- Generated by org.testng.reporters.JUnitReportReporter -->
<testsuite hostname="DESKTOP-RP7ECBF" failures="0" tests="1" name="endProject.RegisterUser001" time="0.556" errors="0" timestamp="2023-12-18T19:59:46 IST" skipped="0">
  <testcase classname="endProject.RegisterUser001" name="registerUser" time="0.556"/>
  <system-out/>
</testsuite> <!-- endProject.RegisterUser001 -->
