<?xml version="1.0" encoding="UTF-8"?>
<!-- Generated by org.testng.reporters.JUnitReportReporter -->
<testsuite hostname="DESKTOP-RP7ECBF" failures="0" tests="1" name="endProject.LoginUser003" time="0.576" errors="0" timestamp="2023-12-18T19:59:46 IST" skipped="0">
  <testcase classname="endProject.LoginUser003" name="Login_User" time="0.576"/>
  <system-out/>
</testsuite> <!-- endProject.LoginUser003 -->
