<?xml version="1.0" encoding="UTF-8"?>
<!-- Generated by org.testng.reporters.JUnitReportReporter -->
<testsuite hostname="DESKTOP-RP7ECBF" failures="0" tests="1" name="RestAssuredScript.Script003Postmethod" time="2.396" errors="0" timestamp="2023-12-15T12:14:49 IST" skipped="0">
  <testcase classname="RestAssuredScript.Script003Postmethod" name="postMethod" time="2.396"/>
  <system-out/>
</testsuite> <!-- RestAssuredScript.Script003Postmethod -->
