<?xml version="1.0" encoding="UTF-8"?>
<!-- Generated by org.testng.reporters.JUnitReportReporter -->
<testsuite hostname="DESKTOP-RP7ECBF" failures="0" tests="1" name="RestAssuredScript.Script004PayloadJSON" time="4.347" errors="0" timestamp="2023-12-15T12:50:38 IST" skipped="0">
  <testcase classname="RestAssuredScript.Script004PayloadJSON" name="PostUsingJSON" time="4.347"/>
  <system-out/>
</testsuite> <!-- RestAssuredScript.Script004PayloadJSON -->
