<?xml version="1.0" encoding="UTF-8"?>
<!-- Generated by org.testng.reporters.JUnitReportReporter -->
<testsuite hostname="DESKTOP-RP7ECBF" failures="0" tests="1" name="RestAssuredScript.Script001SetupChecks" time="1.735" errors="0" timestamp="2023-12-15T10:52:35 IST" skipped="0">
  <testcase classname="RestAssuredScript.Script001SetupChecks" name="setupCheck" time="1.735"/>
  <system-out/>
</testsuite> <!-- RestAssuredScript.Script001SetupChecks -->
